<?xml version="1.0" encoding="UTF-8"?>
<testsuite name="ATest" tests="1" skipped="0" failures="0" errors="0" timestamp="2022-12-07T13:18:44" hostname="Dicksons-MBP" time="0.295">
  <properties/>
  <testcase name="a()" classname="ATest" time="0.295"/>
  <system-out><![CDATA[{"a":"a","b":"b","c":"c"}
]]></system-out>
  <system-err><![CDATA[]]></system-err>
</testsuite>
